<?xml version="1.0" encoding="UTF-8"?>
<testng-results ignored="0" total="1" passed="1" failed="0" skipped="0">
  <reporter-output>
  </reporter-output>
  <suite started-at="2023-02-18T23:28:50 EST" name="Default suite" finished-at="2023-02-18T23:28:54 EST" duration-ms="4431">
    <groups>
    </groups>
    <test started-at="2023-02-18T23:28:50 EST" name="Default test" finished-at="2023-02-18T23:28:54 EST" duration-ms="4431">
      <class name="com.employeeapi.testCases.TC001_Get_All_Employees">
        <test-method is-config="true" signature="setup()[pri:0, instance:com.employeeapi.testCases.TC001_Get_All_Employees@313ac989]" started-at="2023-02-18T23:28:50 EST" name="setup" finished-at="2023-02-18T23:28:50 EST" duration-ms="78" status="PASS">
          <reporter-output>
          </reporter-output>
        </test-method> <!-- setup -->
        <test-method is-config="true" signature="getAllEmployees()[pri:0, instance:com.employeeapi.testCases.TC001_Get_All_Employees@313ac989]" started-at="2023-02-18T23:28:50 EST" name="getAllEmployees" finished-at="2023-02-18T23:28:54 EST" duration-ms="4287" status="PASS">
          <reporter-output>
          </reporter-output>
        </test-method> <!-- getAllEmployees -->
        <test-method signature="checkResponseBody()[pri:0, instance:com.employeeapi.testCases.TC001_Get_All_Employees@313ac989]" started-at="2023-02-18T23:28:54 EST" name="checkResponseBody" finished-at="2023-02-18T23:28:54 EST" duration-ms="25" status="PASS">
          <reporter-output>
          </reporter-output>
        </test-method> <!-- checkResponseBody -->
        <test-method is-config="true" signature="tearDown()[pri:0, instance:com.employeeapi.testCases.TC001_Get_All_Employees@313ac989]" started-at="2023-02-18T23:28:54 EST" name="tearDown" finished-at="2023-02-18T23:28:54 EST" duration-ms="0" status="PASS">
          <reporter-output>
          </reporter-output>
        </test-method> <!-- tearDown -->
      </class> <!-- com.employeeapi.testCases.TC001_Get_All_Employees -->
    </test> <!-- Default test -->
  </suite> <!-- Default suite -->
</testng-results>
